TN:
SF:server/index.js
FN:25,(anonymous_0)
FN:345,(anonymous_1)
FN:379,(anonymous_2)
FN:380,(anonymous_3)
FN:381,(anonymous_4)
FN:382,(anonymous_5)
FN:384,(anonymous_6)
FN:386,(anonymous_7)
FN:390,(anonymous_8)
FN:391,(anonymous_9)
FN:393,(anonymous_10)
FN:418,(anonymous_11)
FN:422,(anonymous_12)
FN:446,(anonymous_13)
FN:458,(anonymous_14)
FN:463,(anonymous_15)
FN:467,(anonymous_16)
FN:475,(anonymous_17)
FN:489,(anonymous_18)
FN:505,(anonymous_19)
FN:506,(anonymous_20)
FN:506,(anonymous_21)
FN:508,(anonymous_22)
FN:523,(anonymous_23)
FN:525,(anonymous_24)
FN:529,(anonymous_25)
FN:538,(anonymous_26)
FN:540,(anonymous_27)
FN:551,(anonymous_28)
FN:576,(anonymous_29)
FN:589,(anonymous_30)
FN:590,(anonymous_31)
FN:593,(anonymous_32)
FN:597,(anonymous_33)
FN:598,(anonymous_34)
FN:602,(anonymous_35)
FN:605,(anonymous_36)
FN:610,(anonymous_37)
FN:616,(anonymous_38)
FN:620,(anonymous_39)
FN:631,(anonymous_40)
FN:633,(anonymous_41)
FN:636,(anonymous_42)
FN:636,(anonymous_43)
FN:646,(anonymous_44)
FN:646,(anonymous_45)
FN:653,(anonymous_46)
FN:684,(anonymous_47)
FN:696,(anonymous_48)
FN:711,(anonymous_49)
FN:718,(anonymous_50)
FN:722,(anonymous_51)
FN:763,(anonymous_52)
FN:771,(anonymous_53)
FN:783,(anonymous_54)
FN:790,(anonymous_55)
FN:807,(anonymous_56)
FN:824,(anonymous_57)
FN:846,(anonymous_58)
FN:859,(anonymous_59)
FN:871,(anonymous_60)
FN:875,(anonymous_61)
FN:879,(anonymous_62)
FN:891,(anonymous_63)
FN:896,(anonymous_64)
FN:899,(anonymous_65)
FN:903,(anonymous_66)
FN:933,(anonymous_67)
FN:958,(anonymous_68)
FN:961,(anonymous_69)
FN:986,(anonymous_70)
FN:988,(anonymous_71)
FN:991,(anonymous_72)
FN:1004,(anonymous_73)
FN:1008,(anonymous_74)
FN:1009,(anonymous_75)
FN:1011,(anonymous_76)
FN:1026,(anonymous_77)
FN:1029,(anonymous_78)
FN:1040,(anonymous_79)
FN:1042,(anonymous_80)
FN:1045,(anonymous_81)
FN:1062,(anonymous_82)
FN:1064,(anonymous_83)
FN:1067,(anonymous_84)
FN:1079,(anonymous_85)
FN:1082,(anonymous_86)
FN:1090,(anonymous_87)
FN:1091,(anonymous_88)
FN:1099,(anonymous_89)
FN:1100,(anonymous_90)
FN:1106,(anonymous_91)
FN:1107,(anonymous_92)
FN:1122,(anonymous_93)
FN:1123,(anonymous_94)
FN:1129,(anonymous_95)
FN:1130,(anonymous_96)
FN:1138,(anonymous_97)
FN:1152,(anonymous_98)
FN:1162,(anonymous_99)
FN:1169,(anonymous_100)
FN:1201,(anonymous_101)
FN:1208,(anonymous_102)
FN:1214,(anonymous_103)
FN:1235,(anonymous_104)
FN:1242,(anonymous_105)
FN:1248,(anonymous_106)
FN:1259,(anonymous_107)
FN:1264,(anonymous_108)
FN:1266,(anonymous_109)
FN:1267,(anonymous_110)
FN:1268,(anonymous_111)
FN:1270,(anonymous_112)
FN:1288,(anonymous_113)
FN:1294,(anonymous_114)
FN:1300,(anonymous_115)
FN:1302,(anonymous_116)
FNF:117
FNH:116
FNDA:0,(anonymous_0)
FNDA:143,(anonymous_1)
FNDA:106,(anonymous_2)
FNDA:278,(anonymous_3)
FNDA:480,(anonymous_4)
FNDA:5,(anonymous_5)
FNDA:121,(anonymous_6)
FNDA:484,(anonymous_7)
FNDA:35,(anonymous_8)
FNDA:140,(anonymous_9)
FNDA:105,(anonymous_10)
FNDA:33,(anonymous_11)
FNDA:143,(anonymous_12)
FNDA:33,(anonymous_13)
FNDA:112,(anonymous_14)
FNDA:96,(anonymous_15)
FNDA:31,(anonymous_16)
FNDA:55,(anonymous_17)
FNDA:44,(anonymous_18)
FNDA:42,(anonymous_19)
FNDA:42,(anonymous_20)
FNDA:152,(anonymous_21)
FNDA:13,(anonymous_22)
FNDA:15,(anonymous_23)
FNDA:52,(anonymous_24)
FNDA:52,(anonymous_25)
FNDA:15,(anonymous_26)
FNDA:52,(anonymous_27)
FNDA:52,(anonymous_28)
FNDA:6,(anonymous_29)
FNDA:12,(anonymous_30)
FNDA:12,(anonymous_31)
FNDA:15,(anonymous_32)
FNDA:2,(anonymous_33)
FNDA:2,(anonymous_34)
FNDA:4,(anonymous_35)
FNDA:6,(anonymous_36)
FNDA:1,(anonymous_37)
FNDA:6,(anonymous_38)
FNDA:4,(anonymous_39)
FNDA:4,(anonymous_40)
FNDA:1,(anonymous_41)
FNDA:24,(anonymous_42)
FNDA:69,(anonymous_43)
FNDA:5,(anonymous_44)
FNDA:112,(anonymous_45)
FNDA:2,(anonymous_46)
FNDA:64,(anonymous_47)
FNDA:82,(anonymous_48)
FNDA:23,(anonymous_49)
FNDA:42,(anonymous_50)
FNDA:55,(anonymous_51)
FNDA:1,(anonymous_52)
FNDA:1,(anonymous_53)
FNDA:1,(anonymous_54)
FNDA:1,(anonymous_55)
FNDA:1,(anonymous_56)
FNDA:3,(anonymous_57)
FNDA:1,(anonymous_58)
FNDA:1,(anonymous_59)
FNDA:1,(anonymous_60)
FNDA:1,(anonymous_61)
FNDA:1,(anonymous_62)
FNDA:4,(anonymous_63)
FNDA:7,(anonymous_64)
FNDA:4,(anonymous_65)
FNDA:4,(anonymous_66)
FNDA:5,(anonymous_67)
FNDA:2,(anonymous_68)
FNDA:5,(anonymous_69)
FNDA:2,(anonymous_70)
FNDA:5,(anonymous_71)
FNDA:5,(anonymous_72)
FNDA:1,(anonymous_73)
FNDA:4,(anonymous_74)
FNDA:4,(anonymous_75)
FNDA:1,(anonymous_76)
FNDA:1,(anonymous_77)
FNDA:4,(anonymous_78)
FNDA:3,(anonymous_79)
FNDA:8,(anonymous_80)
FNDA:9,(anonymous_81)
FNDA:2,(anonymous_82)
FNDA:5,(anonymous_83)
FNDA:5,(anonymous_84)
FNDA:2,(anonymous_85)
FNDA:6,(anonymous_86)
FNDA:2,(anonymous_87)
FNDA:4,(anonymous_88)
FNDA:3,(anonymous_89)
FNDA:3,(anonymous_90)
FNDA:3,(anonymous_91)
FNDA:8,(anonymous_92)
FNDA:3,(anonymous_93)
FNDA:3,(anonymous_94)
FNDA:3,(anonymous_95)
FNDA:7,(anonymous_96)
FNDA:1,(anonymous_97)
FNDA:1,(anonymous_98)
FNDA:7,(anonymous_99)
FNDA:5,(anonymous_100)
FNDA:2,(anonymous_101)
FNDA:4,(anonymous_102)
FNDA:2,(anonymous_103)
FNDA:2,(anonymous_104)
FNDA:5,(anonymous_105)
FNDA:3,(anonymous_106)
FNDA:3,(anonymous_107)
FNDA:9,(anonymous_108)
FNDA:4,(anonymous_109)
FNDA:7,(anonymous_110)
FNDA:4,(anonymous_111)
FNDA:3,(anonymous_112)
FNDA:2,(anonymous_113)
FNDA:1,(anonymous_114)
FNDA:1,(anonymous_115)
FNDA:1,(anonymous_116)
DA:12,2
DA:13,2
DA:14,2
DA:15,2
DA:16,2
DA:17,2
DA:19,2
DA:20,2
DA:21,2
DA:22,2
DA:23,2
DA:25,2
DA:27,2
DA:33,2
DA:34,2
DA:36,2
DA:71,2
DA:77,2
DA:98,2
DA:213,2
DA:220,2
DA:232,2
DA:242,2
DA:271,2
DA:294,2
DA:304,2
DA:312,2
DA:318,2
DA:325,2
DA:332,2
DA:339,2
DA:345,143
DA:379,106
DA:380,278
DA:381,480
DA:382,5
DA:384,2
DA:385,121
DA:386,484
DA:387,121
DA:390,2
DA:391,140
DA:392,35
DA:393,105
DA:396,35
DA:418,2
DA:419,33
DA:422,2
DA:423,143
DA:424,143
DA:425,143
DA:426,143
DA:427,143
DA:428,143
DA:429,143
DA:430,143
DA:431,143
DA:432,143
DA:434,143
DA:435,436
DA:436,3
DA:437,3
DA:438,2
DA:443,143
DA:446,2
DA:447,33
DA:448,33
DA:449,33
DA:450,31
DA:451,31
DA:452,31
DA:454,2
DA:458,2
DA:459,112
DA:460,112
DA:463,2
DA:464,96
DA:467,31
DA:475,2
DA:476,55
DA:489,2
DA:490,44
DA:491,44
DA:492,44
DA:494,44
DA:495,42
DA:498,2
DA:499,2
DA:500,1
DA:502,2
DA:505,2
DA:506,152
DA:508,2
DA:509,13
DA:510,13
DA:511,13
DA:512,13
DA:516,13
DA:520,13
DA:523,2
DA:524,15
DA:525,52
DA:526,15
DA:528,15
DA:530,52
DA:531,52
DA:532,52
DA:536,15
DA:538,15
DA:541,52
DA:542,52
DA:551,52
DA:552,15
DA:553,15
DA:554,15
DA:555,15
DA:556,15
DA:557,15
DA:559,15
DA:576,6
DA:589,2
DA:590,12
DA:591,12
DA:592,12
DA:593,15
DA:594,12
DA:597,2
DA:598,2
DA:599,2
DA:602,2
DA:603,4
DA:605,2
DA:606,6
DA:607,6
DA:610,1
DA:616,2
DA:617,6
DA:618,6
DA:619,1
DA:621,4
DA:624,4
DA:627,4
DA:631,4
DA:633,1
DA:636,24
DA:637,69
DA:638,69
DA:639,3
DA:640,3
DA:642,66
DA:643,66
DA:646,5
DA:647,112
DA:648,3
DA:649,2
DA:650,1
DA:653,2
DA:654,2
DA:655,1
DA:657,1
DA:660,2
DA:661,2
DA:662,2
DA:668,2
DA:674,2
DA:676,2
DA:684,2
DA:685,64
DA:686,64
DA:687,64
DA:688,64
DA:690,63
DA:691,63
DA:692,1
DA:695,62
DA:696,82
DA:697,62
DA:698,1
DA:701,60
DA:702,60
DA:703,60
DA:704,60
DA:705,60
DA:707,1
DA:711,2
DA:712,23
DA:713,2
DA:715,21
DA:718,2
DA:719,42
DA:720,42
DA:721,42
DA:722,55
DA:724,42
DA:725,41
DA:727,41
DA:728,41
DA:729,11
DA:732,30
DA:733,30
DA:739,30
DA:741,30
DA:742,30
DA:752,30
DA:753,30
DA:755,42
DA:763,2
DA:764,1
DA:765,1
DA:771,2
DA:772,1
DA:773,1
DA:779,1
DA:780,1
DA:783,2
DA:784,1
DA:785,1
DA:786,1
DA:787,1
DA:790,2
DA:791,1
DA:792,1
DA:796,1
DA:797,1
DA:803,1
DA:804,1
DA:807,2
DA:808,1
DA:809,1
DA:813,1
DA:814,1
DA:820,1
DA:821,1
DA:824,2
DA:825,3
DA:826,3
DA:827,3
DA:828,1
DA:831,2
DA:832,1
DA:835,1
DA:836,1
DA:842,1
DA:843,1
DA:846,2
DA:847,1
DA:848,1
DA:849,1
DA:855,1
DA:856,1
DA:859,2
DA:860,1
DA:861,1
DA:867,1
DA:868,1
DA:871,2
DA:872,1
DA:875,2
DA:876,1
DA:879,2
DA:880,1
DA:881,1
DA:887,1
DA:888,1
DA:891,2
DA:892,4
DA:893,4
DA:895,4
DA:896,7
DA:897,2
DA:899,4
DA:900,1
DA:902,1
DA:903,4
DA:905,1
DA:906,1
DA:907,1
DA:908,1
DA:909,1
DA:913,1
DA:914,1
DA:923,1
DA:929,1
DA:930,1
DA:933,5
DA:934,2
DA:936,1
DA:945,1
DA:946,1
DA:947,1
DA:948,1
DA:954,1
DA:955,1
DA:958,2
DA:959,2
DA:960,2
DA:961,5
DA:962,2
DA:964,1
DA:973,1
DA:974,1
DA:975,1
DA:976,1
DA:982,1
DA:983,1
DA:986,2
DA:987,2
DA:988,5
DA:989,2
DA:991,5
DA:992,1
DA:993,1
DA:994,1
DA:1000,1
DA:1001,1
DA:1004,2
DA:1005,1
DA:1006,1
DA:1008,4
DA:1009,4
DA:1011,1
DA:1012,1
DA:1013,1
DA:1016,1
DA:1022,1
DA:1023,1
DA:1026,2
DA:1027,1
DA:1028,1
DA:1029,4
DA:1030,1
DA:1036,1
DA:1037,1
DA:1040,2
DA:1041,3
DA:1042,8
DA:1043,3
DA:1045,2
DA:1046,9
DA:1047,2
DA:1052,2
DA:1058,2
DA:1059,2
DA:1062,2
DA:1063,2
DA:1064,5
DA:1065,2
DA:1067,5
DA:1068,1
DA:1069,1
DA:1075,1
DA:1076,1
DA:1079,2
DA:1080,2
DA:1081,2
DA:1082,2
DA:1083,6
DA:1084,6
DA:1086,2
DA:1087,2
DA:1090,2
DA:1091,4
DA:1092,2
DA:1093,1
DA:1094,1
DA:1095,1
DA:1096,1
DA:1099,2
DA:1100,3
DA:1101,3
DA:1103,3
DA:1104,3
DA:1105,3
DA:1106,3
DA:1107,8
DA:1108,3
DA:1109,2
DA:1111,1
DA:1112,1
DA:1118,1
DA:1119,1
DA:1122,2
DA:1123,3
DA:1124,3
DA:1126,3
DA:1127,3
DA:1128,3
DA:1129,3
DA:1130,7
DA:1131,3
DA:1132,2
DA:1134,1
DA:1135,1
DA:1136,1
DA:1138,1
DA:1139,1
DA:1140,3
DA:1142,3
DA:1148,3
DA:1149,1
DA:1152,2
DA:1153,1
DA:1154,1
DA:1155,1
DA:1157,1
DA:1158,1
DA:1159,1
DA:1162,2
DA:1163,7
DA:1164,7
DA:1165,7
DA:1167,6
DA:1168,6
DA:1169,7
DA:1170,1
DA:1172,5
DA:1187,7
DA:1193,7
DA:1194,5
DA:1197,2
DA:1202,2
DA:1203,2
DA:1204,2
DA:1206,2
DA:1207,2
DA:1208,4
DA:1209,2
DA:1210,2
DA:1211,1
DA:1214,1
DA:1215,2
DA:1224,1
DA:1230,1
DA:1231,1
DA:1235,2
DA:1236,2
DA:1237,2
DA:1238,2
DA:1240,2
DA:1241,2
DA:1242,5
DA:1243,2
DA:1244,2
DA:1245,1
DA:1248,3
DA:1249,1
DA:1255,1
DA:1256,1
DA:1259,2
DA:1260,3
DA:1261,3
DA:1263,3
DA:1264,9
DA:1265,3
DA:1266,4
DA:1267,7
DA:1268,4
DA:1271,3
DA:1272,3
DA:1285,3
DA:1288,2
DA:1289,2
DA:1290,2
DA:1291,2
DA:1294,2
DA:1295,1
DA:1298,2
DA:1300,2
DA:1301,1
DA:1302,1
DA:1303,1
LF:471
LH:471
BRDA:15,0,0,2
BRDA:15,0,1,0
BRDA:16,1,0,2
BRDA:16,1,1,0
BRDA:17,2,0,2
BRDA:17,2,1,2
BRDA:19,3,0,2
BRDA:19,3,1,2
BRDA:20,4,0,2
BRDA:20,4,1,2
BRDA:21,5,0,2
BRDA:21,5,1,2
BRDA:22,6,0,2
BRDA:22,6,1,2
BRDA:23,7,0,2
BRDA:23,7,1,2
BRDA:25,8,0,2
BRDA:25,8,1,0
BRDA:349,9,0,143
BRDA:349,9,1,0
BRDA:380,10,0,278
BRDA:380,10,1,0
BRDA:381,11,0,480
BRDA:381,11,1,480
BRDA:424,12,0,143
BRDA:424,12,1,0
BRDA:425,13,0,143
BRDA:425,13,1,0
BRDA:426,14,0,142
BRDA:426,14,1,1
BRDA:427,15,0,143
BRDA:427,15,1,0
BRDA:428,16,0,143
BRDA:428,16,1,0
BRDA:429,17,0,143
BRDA:429,17,1,0
BRDA:430,18,0,143
BRDA:430,18,1,0
BRDA:431,19,0,143
BRDA:431,19,1,0
BRDA:432,20,0,143
BRDA:432,20,1,0
BRDA:435,21,0,3
BRDA:435,21,1,433
BRDA:435,22,0,436
BRDA:435,22,1,3
BRDA:437,23,0,2
BRDA:437,23,1,1
BRDA:451,24,0,0
BRDA:451,24,1,31
BRDA:451,25,0,31
BRDA:451,25,1,31
BRDA:472,26,0,31
BRDA:472,26,1,0
BRDA:485,27,0,55
BRDA:485,27,1,0
BRDA:492,28,0,0
BRDA:492,28,1,44
BRDA:494,29,0,42
BRDA:494,29,1,2
BRDA:499,30,0,1
BRDA:499,30,1,1
BRDA:509,31,0,13
BRDA:509,31,1,5
BRDA:510,32,0,13
BRDA:510,32,1,9
BRDA:511,33,0,13
BRDA:511,33,1,0
BRDA:513,34,0,4
BRDA:513,34,1,9
BRDA:514,35,0,13
BRDA:514,35,1,9
BRDA:531,36,0,52
BRDA:531,36,1,37
BRDA:536,37,0,0
BRDA:536,37,1,15
BRDA:553,38,0,15
BRDA:553,38,1,0
BRDA:554,39,0,15
BRDA:554,39,1,0
BRDA:554,39,2,0
BRDA:555,40,0,15
BRDA:555,40,1,0
BRDA:556,41,0,3
BRDA:556,41,1,12
BRDA:557,42,0,15
BRDA:557,42,1,0
BRDA:557,43,0,15
BRDA:557,43,1,15
BRDA:583,44,0,6
BRDA:583,44,1,0
BRDA:584,45,0,6
BRDA:584,45,1,0
BRDA:590,46,0,12
BRDA:590,46,1,0
BRDA:591,47,0,0
BRDA:591,47,1,12
BRDA:593,48,0,12
BRDA:593,48,1,1
BRDA:599,49,0,2
BRDA:599,49,1,0
BRDA:603,50,0,4
BRDA:603,50,1,2
BRDA:606,51,0,6
BRDA:606,51,1,5
BRDA:606,52,0,6
BRDA:606,52,1,0
BRDA:618,53,0,5
BRDA:618,53,1,1
BRDA:619,54,0,1
BRDA:619,54,1,0
BRDA:621,55,0,4
BRDA:621,55,1,0
BRDA:624,56,0,4
BRDA:624,56,1,0
BRDA:627,57,0,4
BRDA:627,57,1,0
BRDA:631,58,0,4
BRDA:631,58,1,3
BRDA:631,58,2,3
BRDA:638,59,0,3
BRDA:638,59,1,66
BRDA:640,60,0,3
BRDA:640,60,1,0
BRDA:647,61,0,109
BRDA:647,61,1,3
BRDA:648,62,0,1
BRDA:648,62,1,2
BRDA:649,63,0,1
BRDA:649,63,1,1
BRDA:654,64,0,1
BRDA:654,64,1,1
BRDA:654,65,0,2
BRDA:654,65,1,2
BRDA:686,66,0,64
BRDA:686,66,1,1
BRDA:687,67,0,63
BRDA:687,67,1,1
BRDA:688,68,0,1
BRDA:688,68,1,63
BRDA:691,69,0,1
BRDA:691,69,1,62
BRDA:697,70,0,1
BRDA:697,70,1,61
BRDA:697,71,0,62
BRDA:697,71,1,60
BRDA:712,72,0,2
BRDA:712,72,1,21
BRDA:724,73,0,1
BRDA:724,73,1,41
BRDA:725,74,0,0
BRDA:725,74,1,41
BRDA:728,75,0,11
BRDA:728,75,1,30
BRDA:753,76,0,30
BRDA:753,76,1,0
BRDA:767,77,0,1
BRDA:767,77,1,0
BRDA:784,78,0,1
BRDA:784,78,1,0
BRDA:791,79,0,1
BRDA:791,79,1,0
BRDA:794,80,0,1
BRDA:794,80,1,0
BRDA:808,81,0,1
BRDA:808,81,1,0
BRDA:811,82,0,1
BRDA:811,82,1,0
BRDA:827,83,0,1
BRDA:827,83,1,2
BRDA:827,84,0,3
BRDA:827,84,1,3
BRDA:831,85,0,1
BRDA:831,85,1,1
BRDA:895,86,0,2
BRDA:895,86,1,2
BRDA:897,87,0,1
BRDA:897,87,1,1
BRDA:899,88,0,4
BRDA:899,88,1,3
BRDA:900,89,0,0
BRDA:900,89,1,1
BRDA:903,90,0,1
BRDA:903,90,1,3
BRDA:905,91,0,1
BRDA:905,91,1,0
BRDA:907,92,0,1
BRDA:907,92,1,0
BRDA:913,93,0,1
BRDA:913,93,1,0
BRDA:919,94,0,1
BRDA:919,94,1,0
BRDA:934,95,0,1
BRDA:934,95,1,1
BRDA:962,96,0,1
BRDA:962,96,1,1
BRDA:989,97,0,1
BRDA:989,97,1,1
BRDA:1029,98,0,1
BRDA:1029,98,1,3
BRDA:1043,99,0,1
BRDA:1043,99,1,2
BRDA:1046,100,0,7
BRDA:1046,100,1,2
BRDA:1049,101,0,1
BRDA:1049,101,1,1
BRDA:1065,102,0,1
BRDA:1065,102,1,1
BRDA:1067,103,0,1
BRDA:1067,103,1,4
BRDA:1080,104,0,2
BRDA:1080,104,1,0
BRDA:1091,105,0,2
BRDA:1091,105,1,0
BRDA:1092,106,0,1
BRDA:1092,106,1,1
BRDA:1100,107,0,3
BRDA:1100,107,1,0
BRDA:1101,108,0,0
BRDA:1101,108,1,3
BRDA:1108,109,0,1
BRDA:1108,109,1,2
BRDA:1109,110,0,1
BRDA:1109,110,1,1
BRDA:1123,111,0,3
BRDA:1123,111,1,0
BRDA:1124,112,0,0
BRDA:1124,112,1,3
BRDA:1131,113,0,1
BRDA:1131,113,1,2
BRDA:1132,114,0,1
BRDA:1132,114,1,1
BRDA:1139,115,0,1
BRDA:1139,115,1,0
BRDA:1140,116,0,3
BRDA:1140,116,1,0
BRDA:1154,117,0,0
BRDA:1154,117,1,1
BRDA:1155,118,0,0
BRDA:1155,118,1,1
BRDA:1158,119,0,0
BRDA:1158,119,1,1
BRDA:1164,120,0,0
BRDA:1164,120,1,7
BRDA:1165,121,0,1
BRDA:1165,121,1,6
BRDA:1168,122,0,4
BRDA:1168,122,1,2
BRDA:1169,123,0,1
BRDA:1169,123,1,6
BRDA:1169,124,0,7
BRDA:1169,124,1,3
BRDA:1177,125,0,5
BRDA:1177,125,1,3
BRDA:1203,126,0,0
BRDA:1203,126,1,2
BRDA:1204,127,0,0
BRDA:1204,127,1,2
BRDA:1207,128,0,2
BRDA:1207,128,1,0
BRDA:1209,129,0,0
BRDA:1209,129,1,2
BRDA:1210,130,0,1
BRDA:1210,130,1,1
BRDA:1215,131,0,1
BRDA:1215,131,1,1
BRDA:1237,132,0,0
BRDA:1237,132,1,2
BRDA:1238,133,0,0
BRDA:1238,133,1,2
BRDA:1241,134,0,2
BRDA:1241,134,1,0
BRDA:1243,135,0,0
BRDA:1243,135,1,2
BRDA:1244,136,0,1
BRDA:1244,136,1,1
BRDA:1248,137,0,3
BRDA:1248,137,1,2
BRDA:1260,138,0,3
BRDA:1260,138,1,0
BRDA:1261,139,0,2
BRDA:1261,139,1,1
BRDA:1263,140,0,3
BRDA:1263,140,1,0
BRDA:1265,141,0,3
BRDA:1265,141,1,0
BRDA:1266,142,0,4
BRDA:1266,142,1,0
BRDA:1278,143,0,2
BRDA:1278,143,1,1
BRDA:1280,144,0,3
BRDA:1280,144,1,1
BRDA:1281,145,0,2
BRDA:1281,145,1,1
BRDA:1289,146,0,2
BRDA:1289,146,1,0
BRDA:1290,147,0,1
BRDA:1290,147,1,1
BRDA:1291,148,0,2
BRDA:1291,148,1,0
BRF:300
BRH:226
end_of_record
