TN:
SF:server/index.js
FN:25,(anonymous_0)
FN:217,(anonymous_1)
FN:251,(anonymous_2)
FN:252,(anonymous_3)
FN:253,(anonymous_4)
FN:254,(anonymous_5)
FN:256,(anonymous_6)
FN:258,(anonymous_7)
FN:262,(anonymous_8)
FN:263,(anonymous_9)
FN:265,(anonymous_10)
FN:287,(anonymous_11)
FN:291,(anonymous_12)
FN:312,(anonymous_13)
FN:324,(anonymous_14)
FN:329,(anonymous_15)
FN:333,(anonymous_16)
FN:341,(anonymous_17)
FN:355,(anonymous_18)
FN:371,(anonymous_19)
FN:371,(anonymous_20)
FN:381,(anonymous_21)
FN:381,(anonymous_22)
FN:388,(anonymous_23)
FN:419,(anonymous_24)
FN:431,(anonymous_25)
FN:446,(anonymous_26)
FN:453,(anonymous_27)
FN:457,(anonymous_28)
FN:498,(anonymous_29)
FN:506,(anonymous_30)
FN:518,(anonymous_31)
FN:525,(anonymous_32)
FN:542,(anonymous_33)
FN:559,(anonymous_34)
FN:581,(anonymous_35)
FN:594,(anonymous_36)
FN:606,(anonymous_37)
FN:610,(anonymous_38)
FN:614,(anonymous_39)
FN:626,(anonymous_40)
FN:631,(anonymous_41)
FN:634,(anonymous_42)
FN:638,(anonymous_43)
FN:668,(anonymous_44)
FN:693,(anonymous_45)
FN:696,(anonymous_46)
FN:721,(anonymous_47)
FN:723,(anonymous_48)
FN:726,(anonymous_49)
FN:739,(anonymous_50)
FN:743,(anonymous_51)
FN:744,(anonymous_52)
FN:746,(anonymous_53)
FN:761,(anonymous_54)
FN:764,(anonymous_55)
FN:775,(anonymous_56)
FN:777,(anonymous_57)
FN:780,(anonymous_58)
FN:797,(anonymous_59)
FN:799,(anonymous_60)
FN:802,(anonymous_61)
FN:814,(anonymous_62)
FN:820,(anonymous_63)
FN:826,(anonymous_64)
FN:828,(anonymous_65)
FNF:66
FNH:65
FNDA:0,(anonymous_0)
FNDA:119,(anonymous_1)
FNDA:58,(anonymous_2)
FNDA:229,(anonymous_3)
FNDA:340,(anonymous_4)
FNDA:4,(anonymous_5)
FNDA:89,(anonymous_6)
FNDA:356,(anonymous_7)
FNDA:29,(anonymous_8)
FNDA:116,(anonymous_9)
FNDA:87,(anonymous_10)
FNDA:27,(anonymous_11)
FNDA:100,(anonymous_12)
FNDA:28,(anonymous_13)
FNDA:74,(anonymous_14)
FNDA:67,(anonymous_15)
FNDA:23,(anonymous_16)
FNDA:37,(anonymous_17)
FNDA:33,(anonymous_18)
FNDA:20,(anonymous_19)
FNDA:51,(anonymous_20)
FNDA:4,(anonymous_21)
FNDA:75,(anonymous_22)
FNDA:2,(anonymous_23)
FNDA:36,(anonymous_24)
FNDA:44,(anonymous_25)
FNDA:21,(anonymous_26)
FNDA:34,(anonymous_27)
FNDA:43,(anonymous_28)
FNDA:1,(anonymous_29)
FNDA:1,(anonymous_30)
FNDA:1,(anonymous_31)
FNDA:1,(anonymous_32)
FNDA:1,(anonymous_33)
FNDA:3,(anonymous_34)
FNDA:1,(anonymous_35)
FNDA:1,(anonymous_36)
FNDA:1,(anonymous_37)
FNDA:1,(anonymous_38)
FNDA:1,(anonymous_39)
FNDA:4,(anonymous_40)
FNDA:7,(anonymous_41)
FNDA:4,(anonymous_42)
FNDA:4,(anonymous_43)
FNDA:5,(anonymous_44)
FNDA:2,(anonymous_45)
FNDA:5,(anonymous_46)
FNDA:2,(anonymous_47)
FNDA:5,(anonymous_48)
FNDA:5,(anonymous_49)
FNDA:1,(anonymous_50)
FNDA:4,(anonymous_51)
FNDA:4,(anonymous_52)
FNDA:1,(anonymous_53)
FNDA:1,(anonymous_54)
FNDA:4,(anonymous_55)
FNDA:2,(anonymous_56)
FNDA:5,(anonymous_57)
FNDA:5,(anonymous_58)
FNDA:2,(anonymous_59)
FNDA:5,(anonymous_60)
FNDA:5,(anonymous_61)
FNDA:1,(anonymous_62)
FNDA:1,(anonymous_63)
FNDA:1,(anonymous_64)
FNDA:1,(anonymous_65)
DA:12,2
DA:13,2
DA:14,2
DA:15,2
DA:16,2
DA:17,2
DA:19,2
DA:20,2
DA:21,2
DA:22,2
DA:23,2
DA:25,2
DA:27,2
DA:33,2
DA:34,2
DA:36,2
DA:71,2
DA:77,2
DA:98,2
DA:105,2
DA:117,2
DA:127,2
DA:156,2
DA:179,2
DA:189,2
DA:197,2
DA:203,2
DA:210,2
DA:217,119
DA:251,58
DA:252,229
DA:253,340
DA:254,4
DA:256,2
DA:257,89
DA:258,356
DA:259,89
DA:262,2
DA:263,116
DA:264,29
DA:265,87
DA:268,29
DA:287,2
DA:288,27
DA:291,2
DA:292,100
DA:293,100
DA:294,100
DA:295,100
DA:296,100
DA:297,100
DA:298,100
DA:300,100
DA:301,307
DA:302,3
DA:303,3
DA:304,2
DA:309,100
DA:312,2
DA:313,28
DA:314,28
DA:315,28
DA:316,26
DA:317,26
DA:318,26
DA:320,2
DA:324,2
DA:325,74
DA:326,74
DA:329,2
DA:330,67
DA:333,23
DA:341,2
DA:342,37
DA:355,2
DA:356,33
DA:357,33
DA:358,33
DA:360,33
DA:361,33
DA:364,0
DA:365,0
DA:366,0
DA:368,0
DA:371,20
DA:372,51
DA:373,51
DA:374,2
DA:375,2
DA:377,49
DA:378,49
DA:381,4
DA:382,75
DA:383,3
DA:384,2
DA:385,1
DA:388,2
DA:389,2
DA:390,1
DA:392,1
DA:395,2
DA:396,2
DA:397,2
DA:403,2
DA:409,2
DA:411,2
DA:419,2
DA:420,36
DA:421,36
DA:422,36
DA:423,36
DA:425,35
DA:426,35
DA:427,1
DA:430,34
DA:431,44
DA:432,34
DA:433,1
DA:436,32
DA:437,32
DA:438,32
DA:439,32
DA:440,32
DA:442,1
DA:446,2
DA:447,21
DA:448,2
DA:450,19
DA:453,2
DA:454,34
DA:455,34
DA:456,34
DA:457,43
DA:459,34
DA:460,33
DA:462,33
DA:463,33
DA:464,11
DA:467,22
DA:468,22
DA:474,22
DA:476,22
DA:477,22
DA:487,22
DA:488,22
DA:490,34
DA:498,2
DA:499,1
DA:500,1
DA:506,2
DA:507,1
DA:508,1
DA:514,1
DA:515,1
DA:518,2
DA:519,1
DA:520,1
DA:521,1
DA:522,1
DA:525,2
DA:526,1
DA:527,1
DA:531,1
DA:532,1
DA:538,1
DA:539,1
DA:542,2
DA:543,1
DA:544,1
DA:548,1
DA:549,1
DA:555,1
DA:556,1
DA:559,2
DA:560,3
DA:561,3
DA:562,3
DA:563,1
DA:566,2
DA:567,1
DA:570,1
DA:571,1
DA:577,1
DA:578,1
DA:581,2
DA:582,1
DA:583,1
DA:584,1
DA:590,1
DA:591,1
DA:594,2
DA:595,1
DA:596,1
DA:602,1
DA:603,1
DA:606,2
DA:607,1
DA:610,2
DA:611,1
DA:614,2
DA:615,1
DA:616,1
DA:622,1
DA:623,1
DA:626,2
DA:627,4
DA:628,4
DA:630,4
DA:631,7
DA:632,2
DA:634,4
DA:635,1
DA:637,1
DA:638,4
DA:640,1
DA:641,1
DA:642,1
DA:643,1
DA:644,1
DA:648,1
DA:649,1
DA:658,1
DA:664,1
DA:665,1
DA:668,5
DA:669,2
DA:671,1
DA:680,1
DA:681,1
DA:682,1
DA:683,1
DA:689,1
DA:690,1
DA:693,2
DA:694,2
DA:695,2
DA:696,5
DA:697,2
DA:699,1
DA:708,1
DA:709,1
DA:710,1
DA:711,1
DA:717,1
DA:718,1
DA:721,2
DA:722,2
DA:723,5
DA:724,2
DA:726,5
DA:727,1
DA:728,1
DA:729,1
DA:735,1
DA:736,1
DA:739,2
DA:740,1
DA:741,1
DA:743,4
DA:744,4
DA:746,1
DA:747,1
DA:748,1
DA:751,1
DA:757,1
DA:758,1
DA:761,2
DA:762,1
DA:763,1
DA:764,4
DA:765,1
DA:771,1
DA:772,1
DA:775,2
DA:776,2
DA:777,5
DA:778,2
DA:780,1
DA:781,5
DA:782,1
DA:787,1
DA:793,1
DA:794,1
DA:797,2
DA:798,2
DA:799,5
DA:800,2
DA:802,5
DA:803,1
DA:804,1
DA:810,1
DA:811,1
DA:814,2
DA:815,1
DA:816,1
DA:817,1
DA:820,2
DA:821,1
DA:824,2
DA:826,2
DA:827,1
DA:828,1
DA:829,1
LF:303
LH:299
BRDA:15,0,0,2
BRDA:15,0,1,0
BRDA:16,1,0,2
BRDA:16,1,1,0
BRDA:17,2,0,2
BRDA:17,2,1,2
BRDA:19,3,0,2
BRDA:19,3,1,2
BRDA:20,4,0,2
BRDA:20,4,1,2
BRDA:21,5,0,2
BRDA:21,5,1,2
BRDA:22,6,0,2
BRDA:22,6,1,2
BRDA:23,7,0,2
BRDA:23,7,1,2
BRDA:25,8,0,2
BRDA:25,8,1,0
BRDA:221,9,0,119
BRDA:221,9,1,0
BRDA:252,10,0,229
BRDA:252,10,1,0
BRDA:253,11,0,340
BRDA:253,11,1,340
BRDA:293,12,0,100
BRDA:293,12,1,0
BRDA:294,13,0,100
BRDA:294,13,1,0
BRDA:295,14,0,100
BRDA:295,14,1,0
BRDA:296,15,0,100
BRDA:296,15,1,0
BRDA:297,16,0,100
BRDA:297,16,1,0
BRDA:298,17,0,100
BRDA:298,17,1,0
BRDA:301,18,0,3
BRDA:301,18,1,304
BRDA:301,19,0,307
BRDA:301,19,1,3
BRDA:303,20,0,2
BRDA:303,20,1,1
BRDA:317,21,0,0
BRDA:317,21,1,26
BRDA:317,22,0,26
BRDA:317,22,1,26
BRDA:338,23,0,23
BRDA:338,23,1,0
BRDA:351,24,0,37
BRDA:351,24,1,0
BRDA:358,25,0,0
BRDA:358,25,1,33
BRDA:360,26,0,33
BRDA:360,26,1,0
BRDA:365,27,0,0
BRDA:365,27,1,0
BRDA:373,28,0,2
BRDA:373,28,1,49
BRDA:375,29,0,2
BRDA:375,29,1,0
BRDA:382,30,0,72
BRDA:382,30,1,3
BRDA:383,31,0,1
BRDA:383,31,1,2
BRDA:384,32,0,1
BRDA:384,32,1,1
BRDA:389,33,0,1
BRDA:389,33,1,1
BRDA:389,34,0,2
BRDA:389,34,1,2
BRDA:421,35,0,36
BRDA:421,35,1,1
BRDA:422,36,0,35
BRDA:422,36,1,1
BRDA:423,37,0,1
BRDA:423,37,1,35
BRDA:426,38,0,1
BRDA:426,38,1,34
BRDA:432,39,0,1
BRDA:432,39,1,33
BRDA:432,40,0,34
BRDA:432,40,1,32
BRDA:447,41,0,2
BRDA:447,41,1,19
BRDA:459,42,0,1
BRDA:459,42,1,33
BRDA:460,43,0,0
BRDA:460,43,1,33
BRDA:463,44,0,11
BRDA:463,44,1,22
BRDA:488,45,0,22
BRDA:488,45,1,0
BRDA:502,46,0,1
BRDA:502,46,1,0
BRDA:519,47,0,1
BRDA:519,47,1,0
BRDA:526,48,0,1
BRDA:526,48,1,0
BRDA:529,49,0,1
BRDA:529,49,1,0
BRDA:543,50,0,1
BRDA:543,50,1,0
BRDA:546,51,0,1
BRDA:546,51,1,0
BRDA:562,52,0,1
BRDA:562,52,1,2
BRDA:562,53,0,3
BRDA:562,53,1,3
BRDA:566,54,0,1
BRDA:566,54,1,1
BRDA:630,55,0,2
BRDA:630,55,1,2
BRDA:632,56,0,1
BRDA:632,56,1,1
BRDA:634,57,0,4
BRDA:634,57,1,3
BRDA:635,58,0,0
BRDA:635,58,1,1
BRDA:638,59,0,1
BRDA:638,59,1,3
BRDA:640,60,0,1
BRDA:640,60,1,0
BRDA:642,61,0,1
BRDA:642,61,1,0
BRDA:648,62,0,1
BRDA:648,62,1,0
BRDA:654,63,0,1
BRDA:654,63,1,0
BRDA:669,64,0,1
BRDA:669,64,1,1
BRDA:697,65,0,1
BRDA:697,65,1,1
BRDA:724,66,0,1
BRDA:724,66,1,1
BRDA:764,67,0,1
BRDA:764,67,1,3
BRDA:778,68,0,1
BRDA:778,68,1,1
BRDA:781,69,0,4
BRDA:781,69,1,1
BRDA:784,70,0,0
BRDA:784,70,1,1
BRDA:800,71,0,1
BRDA:800,71,1,1
BRDA:802,72,0,1
BRDA:802,72,1,4
BRDA:815,73,0,1
BRDA:815,73,1,0
BRDA:816,74,0,1
BRDA:816,74,1,0
BRDA:817,75,0,1
BRDA:817,75,1,0
BRF:152
BRH:116
end_of_record
